<?xml version="1.0" encoding="UTF-8"?>
<testsuite xmlns:xsi="http://www.w3.org/2001/XMLSchema-instance" xsi:noNamespaceSchemaLocation="https://maven.apache.org/surefire/maven-surefire-plugin/xsd/surefire-test-report-3.0.xsd" version="3.0" name="TesteApi.TesteApi" time="7.34" tests="3" errors="0" skipped="0" failures="0">
  <properties>
    <property name="java.specification.version" value="19"/>
    <property name="sun.jnu.encoding" value="UTF-8"/>
    <property name="java.class.path" value="/Users/matheusfritzen/AutomationProjects/TesteApi/target/test-classes:/Users/matheusfritzen/AutomationProjects/TesteApi/target/classes:/Users/matheusfritzen/.m2/repository/org/junit/jupiter/junit-jupiter/5.9.2/junit-jupiter-5.9.2.jar:/Users/matheusfritzen/.m2/repository/org/junit/jupiter/junit-jupiter-api/5.9.2/junit-jupiter-api-5.9.2.jar:/Users/matheusfritzen/.m2/repository/org/opentest4j/opentest4j/1.2.0/opentest4j-1.2.0.jar:/Users/matheusfritzen/.m2/repository/org/junit/platform/junit-platform-commons/1.9.2/junit-platform-commons-1.9.2.jar:/Users/matheusfritzen/.m2/repository/org/junit/jupiter/junit-jupiter-params/5.9.2/junit-jupiter-params-5.9.2.jar:/Users/matheusfritzen/.m2/repository/org/junit/jupiter/junit-jupiter-engine/5.9.2/junit-jupiter-engine-5.9.2.jar:/Users/matheusfritzen/.m2/repository/org/junit/platform/junit-platform-engine/1.9.2/junit-platform-engine-1.9.2.jar:/Users/matheusfritzen/.m2/repository/io/rest-assured/rest-assured/5.3.0/rest-assured-5.3.0.jar:/Users/matheusfritzen/.m2/repository/org/apache/groovy/groovy/4.0.6/groovy-4.0.6.jar:/Users/matheusfritzen/.m2/repository/org/apache/groovy/groovy-xml/4.0.6/groovy-xml-4.0.6.jar:/Users/matheusfritzen/.m2/repository/org/apache/httpcomponents/httpclient/4.5.13/httpclient-4.5.13.jar:/Users/matheusfritzen/.m2/repository/org/apache/httpcomponents/httpcore/4.4.13/httpcore-4.4.13.jar:/Users/matheusfritzen/.m2/repository/commons-logging/commons-logging/1.2/commons-logging-1.2.jar:/Users/matheusfritzen/.m2/repository/commons-codec/commons-codec/1.11/commons-codec-1.11.jar:/Users/matheusfritzen/.m2/repository/org/apache/httpcomponents/httpmime/4.5.13/httpmime-4.5.13.jar:/Users/matheusfritzen/.m2/repository/org/hamcrest/hamcrest/2.1/hamcrest-2.1.jar:/Users/matheusfritzen/.m2/repository/org/ccil/cowan/tagsoup/tagsoup/1.2.1/tagsoup-1.2.1.jar:/Users/matheusfritzen/.m2/repository/io/rest-assured/xml-path/5.3.0/xml-path-5.3.0.jar:/Users/matheusfritzen/.m2/repository/org/apache/commons/commons-lang3/3.11/commons-lang3-3.11.jar:/Users/matheusfritzen/.m2/repository/io/rest-assured/json-path/5.3.0/json-path-5.3.0.jar:/Users/matheusfritzen/.m2/repository/org/apache/groovy/groovy-json/4.0.6/groovy-json-4.0.6.jar:/Users/matheusfritzen/.m2/repository/io/rest-assured/rest-assured-common/5.3.0/rest-assured-common-5.3.0.jar:/Users/matheusfritzen/.m2/repository/io/rest-assured/json-schema-validator/5.3.0/json-schema-validator-5.3.0.jar:/Users/matheusfritzen/.m2/repository/com/github/java-json-tools/json-schema-validator/2.2.14/json-schema-validator-2.2.14.jar:/Users/matheusfritzen/.m2/repository/com/github/java-json-tools/jackson-coreutils-equivalence/1.0/jackson-coreutils-equivalence-1.0.jar:/Users/matheusfritzen/.m2/repository/com/github/java-json-tools/jackson-coreutils/2.0/jackson-coreutils-2.0.jar:/Users/matheusfritzen/.m2/repository/com/github/java-json-tools/msg-simple/1.2/msg-simple-1.2.jar:/Users/matheusfritzen/.m2/repository/com/github/java-json-tools/btf/1.3/btf-1.3.jar:/Users/matheusfritzen/.m2/repository/com/github/java-json-tools/json-schema-core/1.2.14/json-schema-core-1.2.14.jar:/Users/matheusfritzen/.m2/repository/com/github/java-json-tools/uri-template/0.10/uri-template-0.10.jar:/Users/matheusfritzen/.m2/repository/org/mozilla/rhino/1.7.7.2/rhino-1.7.7.2.jar:/Users/matheusfritzen/.m2/repository/com/sun/mail/mailapi/1.6.2/mailapi-1.6.2.jar:/Users/matheusfritzen/.m2/repository/joda-time/joda-time/2.10.5/joda-time-2.10.5.jar:/Users/matheusfritzen/.m2/repository/com/googlecode/libphonenumber/libphonenumber/8.11.1/libphonenumber-8.11.1.jar:/Users/matheusfritzen/.m2/repository/com/google/code/findbugs/jsr305/3.0.2/jsr305-3.0.2.jar:/Users/matheusfritzen/.m2/repository/net/sf/jopt-simple/jopt-simple/5.0.4/jopt-simple-5.0.4.jar:/Users/matheusfritzen/.m2/repository/junit/junit/4.13.2/junit-4.13.2.jar:/Users/matheusfritzen/.m2/repository/org/hamcrest/hamcrest-core/1.3/hamcrest-core-1.3.jar:/Users/matheusfritzen/.m2/repository/org/testng/testng/6.14.3/testng-6.14.3.jar:/Users/matheusfritzen/.m2/repository/com/beust/jcommander/1.72/jcommander-1.72.jar:/Users/matheusfritzen/.m2/repository/org/apache-extras/beanshell/bsh/2.0b6/bsh-2.0b6.jar:/Users/matheusfritzen/.m2/repository/org/seleniumhq/selenium/selenium-java/3.141.59/selenium-java-3.141.59.jar:/Users/matheusfritzen/.m2/repository/org/seleniumhq/selenium/selenium-api/3.141.59/selenium-api-3.141.59.jar:/Users/matheusfritzen/.m2/repository/org/seleniumhq/selenium/selenium-chrome-driver/3.141.59/selenium-chrome-driver-3.141.59.jar:/Users/matheusfritzen/.m2/repository/org/seleniumhq/selenium/selenium-edge-driver/3.141.59/selenium-edge-driver-3.141.59.jar:/Users/matheusfritzen/.m2/repository/org/seleniumhq/selenium/selenium-firefox-driver/3.141.59/selenium-firefox-driver-3.141.59.jar:/Users/matheusfritzen/.m2/repository/org/seleniumhq/selenium/selenium-ie-driver/3.141.59/selenium-ie-driver-3.141.59.jar:/Users/matheusfritzen/.m2/repository/org/seleniumhq/selenium/selenium-opera-driver/3.141.59/selenium-opera-driver-3.141.59.jar:/Users/matheusfritzen/.m2/repository/org/seleniumhq/selenium/selenium-remote-driver/3.141.59/selenium-remote-driver-3.141.59.jar:/Users/matheusfritzen/.m2/repository/org/seleniumhq/selenium/selenium-safari-driver/3.141.59/selenium-safari-driver-3.141.59.jar:/Users/matheusfritzen/.m2/repository/org/seleniumhq/selenium/selenium-support/3.141.59/selenium-support-3.141.59.jar:/Users/matheusfritzen/.m2/repository/net/bytebuddy/byte-buddy/1.8.15/byte-buddy-1.8.15.jar:/Users/matheusfritzen/.m2/repository/org/apache/commons/commons-exec/1.3/commons-exec-1.3.jar:/Users/matheusfritzen/.m2/repository/com/google/guava/guava/25.0-jre/guava-25.0-jre.jar:/Users/matheusfritzen/.m2/repository/org/checkerframework/checker-compat-qual/2.0.0/checker-compat-qual-2.0.0.jar:/Users/matheusfritzen/.m2/repository/com/google/errorprone/error_prone_annotations/2.1.3/error_prone_annotations-2.1.3.jar:/Users/matheusfritzen/.m2/repository/com/google/j2objc/j2objc-annotations/1.1/j2objc-annotations-1.1.jar:/Users/matheusfritzen/.m2/repository/org/codehaus/mojo/animal-sniffer-annotations/1.14/animal-sniffer-annotations-1.14.jar:/Users/matheusfritzen/.m2/repository/com/squareup/okhttp3/okhttp/3.11.0/okhttp-3.11.0.jar:/Users/matheusfritzen/.m2/repository/com/squareup/okio/okio/1.14.0/okio-1.14.0.jar:/Users/matheusfritzen/.m2/repository/com/fasterxml/jackson/core/jackson-databind/2.14.1/jackson-databind-2.14.1.jar:/Users/matheusfritzen/.m2/repository/com/fasterxml/jackson/core/jackson-annotations/2.14.1/jackson-annotations-2.14.1.jar:/Users/matheusfritzen/.m2/repository/com/fasterxml/jackson/core/jackson-core/2.14.1/jackson-core-2.14.1.jar:/Users/matheusfritzen/.m2/repository/com/google/code/gson/gson/2.8.9/gson-2.8.9.jar:/Users/matheusfritzen/.m2/repository/io/cucumber/cucumber-java/7.11.0/cucumber-java-7.11.0.jar:/Users/matheusfritzen/.m2/repository/io/cucumber/cucumber-core/7.11.0/cucumber-core-7.11.0.jar:/Users/matheusfritzen/.m2/repository/io/cucumber/cucumber-gherkin/7.11.0/cucumber-gherkin-7.11.0.jar:/Users/matheusfritzen/.m2/repository/io/cucumber/cucumber-gherkin-messages/7.11.0/cucumber-gherkin-messages-7.11.0.jar:/Users/matheusfritzen/.m2/repository/io/cucumber/gherkin/26.0.3/gherkin-26.0.3.jar:/Users/matheusfritzen/.m2/repository/io/cucumber/messages/21.0.1/messages-21.0.1.jar:/Users/matheusfritzen/.m2/repository/io/cucumber/tag-expressions/5.0.1/tag-expressions-5.0.1.jar:/Users/matheusfritzen/.m2/repository/io/cucumber/cucumber-expressions/16.1.1/cucumber-expressions-16.1.1.jar:/Users/matheusfritzen/.m2/repository/io/cucumber/datatable/7.11.0/datatable-7.11.0.jar:/Users/matheusfritzen/.m2/repository/io/cucumber/cucumber-plugin/7.11.0/cucumber-plugin-7.11.0.jar:/Users/matheusfritzen/.m2/repository/io/cucumber/docstring/7.11.0/docstring-7.11.0.jar:/Users/matheusfritzen/.m2/repository/io/cucumber/html-formatter/20.2.1/html-formatter-20.2.1.jar:/Users/matheusfritzen/.m2/repository/io/cucumber/junit-xml-formatter/0.1.0/junit-xml-formatter-0.1.0.jar:/Users/matheusfritzen/.m2/repository/io/cucumber/ci-environment/9.1.0/ci-environment-9.1.0.jar:/Users/matheusfritzen/.m2/repository/org/apiguardian/apiguardian-api/1.1.2/apiguardian-api-1.1.2.jar:/Users/matheusfritzen/.m2/repository/io/cucumber/cucumber-junit/7.11.0/cucumber-junit-7.11.0.jar:"/>
    <property name="java.vm.vendor" value="Oracle Corporation"/>
    <property name="sun.arch.data.model" value="64"/>
    <property name="java.vendor.url" value="https://java.oracle.com/"/>
    <property name="user.timezone" value="America/Sao_Paulo"/>
    <property name="os.name" value="Mac OS X"/>
    <property name="java.vm.specification.version" value="19"/>
    <property name="sun.java.launcher" value="SUN_STANDARD"/>
    <property name="user.country" value="BR"/>
    <property name="sun.boot.library.path" value="/Library/Java/JavaVirtualMachines/jdk-19.jdk/Contents/Home/lib"/>
    <property name="sun.java.command" value="/Users/matheusfritzen/AutomationProjects/TesteApi/target/surefire/surefirebooter-20230214210303069_3.jar /Users/matheusfritzen/AutomationProjects/TesteApi/target/surefire 2023-02-14T21-03-02_883-jvmRun1 surefire-20230214210303069_1tmp surefire_0-20230214210303069_2tmp"/>
    <property name="http.nonProxyHosts" value="local|*.local|169.254/16|*.169.254/16"/>
    <property name="jdk.debug" value="release"/>
    <property name="surefire.test.class.path" value="/Users/matheusfritzen/AutomationProjects/TesteApi/target/test-classes:/Users/matheusfritzen/AutomationProjects/TesteApi/target/classes:/Users/matheusfritzen/.m2/repository/org/junit/jupiter/junit-jupiter/5.9.2/junit-jupiter-5.9.2.jar:/Users/matheusfritzen/.m2/repository/org/junit/jupiter/junit-jupiter-api/5.9.2/junit-jupiter-api-5.9.2.jar:/Users/matheusfritzen/.m2/repository/org/opentest4j/opentest4j/1.2.0/opentest4j-1.2.0.jar:/Users/matheusfritzen/.m2/repository/org/junit/platform/junit-platform-commons/1.9.2/junit-platform-commons-1.9.2.jar:/Users/matheusfritzen/.m2/repository/org/junit/jupiter/junit-jupiter-params/5.9.2/junit-jupiter-params-5.9.2.jar:/Users/matheusfritzen/.m2/repository/org/junit/jupiter/junit-jupiter-engine/5.9.2/junit-jupiter-engine-5.9.2.jar:/Users/matheusfritzen/.m2/repository/org/junit/platform/junit-platform-engine/1.9.2/junit-platform-engine-1.9.2.jar:/Users/matheusfritzen/.m2/repository/io/rest-assured/rest-assured/5.3.0/rest-assured-5.3.0.jar:/Users/matheusfritzen/.m2/repository/org/apache/groovy/groovy/4.0.6/groovy-4.0.6.jar:/Users/matheusfritzen/.m2/repository/org/apache/groovy/groovy-xml/4.0.6/groovy-xml-4.0.6.jar:/Users/matheusfritzen/.m2/repository/org/apache/httpcomponents/httpclient/4.5.13/httpclient-4.5.13.jar:/Users/matheusfritzen/.m2/repository/org/apache/httpcomponents/httpcore/4.4.13/httpcore-4.4.13.jar:/Users/matheusfritzen/.m2/repository/commons-logging/commons-logging/1.2/commons-logging-1.2.jar:/Users/matheusfritzen/.m2/repository/commons-codec/commons-codec/1.11/commons-codec-1.11.jar:/Users/matheusfritzen/.m2/repository/org/apache/httpcomponents/httpmime/4.5.13/httpmime-4.5.13.jar:/Users/matheusfritzen/.m2/repository/org/hamcrest/hamcrest/2.1/hamcrest-2.1.jar:/Users/matheusfritzen/.m2/repository/org/ccil/cowan/tagsoup/tagsoup/1.2.1/tagsoup-1.2.1.jar:/Users/matheusfritzen/.m2/repository/io/rest-assured/xml-path/5.3.0/xml-path-5.3.0.jar:/Users/matheusfritzen/.m2/repository/org/apache/commons/commons-lang3/3.11/commons-lang3-3.11.jar:/Users/matheusfritzen/.m2/repository/io/rest-assured/json-path/5.3.0/json-path-5.3.0.jar:/Users/matheusfritzen/.m2/repository/org/apache/groovy/groovy-json/4.0.6/groovy-json-4.0.6.jar:/Users/matheusfritzen/.m2/repository/io/rest-assured/rest-assured-common/5.3.0/rest-assured-common-5.3.0.jar:/Users/matheusfritzen/.m2/repository/io/rest-assured/json-schema-validator/5.3.0/json-schema-validator-5.3.0.jar:/Users/matheusfritzen/.m2/repository/com/github/java-json-tools/json-schema-validator/2.2.14/json-schema-validator-2.2.14.jar:/Users/matheusfritzen/.m2/repository/com/github/java-json-tools/jackson-coreutils-equivalence/1.0/jackson-coreutils-equivalence-1.0.jar:/Users/matheusfritzen/.m2/repository/com/github/java-json-tools/jackson-coreutils/2.0/jackson-coreutils-2.0.jar:/Users/matheusfritzen/.m2/repository/com/github/java-json-tools/msg-simple/1.2/msg-simple-1.2.jar:/Users/matheusfritzen/.m2/repository/com/github/java-json-tools/btf/1.3/btf-1.3.jar:/Users/matheusfritzen/.m2/repository/com/github/java-json-tools/json-schema-core/1.2.14/json-schema-core-1.2.14.jar:/Users/matheusfritzen/.m2/repository/com/github/java-json-tools/uri-template/0.10/uri-template-0.10.jar:/Users/matheusfritzen/.m2/repository/org/mozilla/rhino/1.7.7.2/rhino-1.7.7.2.jar:/Users/matheusfritzen/.m2/repository/com/sun/mail/mailapi/1.6.2/mailapi-1.6.2.jar:/Users/matheusfritzen/.m2/repository/joda-time/joda-time/2.10.5/joda-time-2.10.5.jar:/Users/matheusfritzen/.m2/repository/com/googlecode/libphonenumber/libphonenumber/8.11.1/libphonenumber-8.11.1.jar:/Users/matheusfritzen/.m2/repository/com/google/code/findbugs/jsr305/3.0.2/jsr305-3.0.2.jar:/Users/matheusfritzen/.m2/repository/net/sf/jopt-simple/jopt-simple/5.0.4/jopt-simple-5.0.4.jar:/Users/matheusfritzen/.m2/repository/junit/junit/4.13.2/junit-4.13.2.jar:/Users/matheusfritzen/.m2/repository/org/hamcrest/hamcrest-core/1.3/hamcrest-core-1.3.jar:/Users/matheusfritzen/.m2/repository/org/testng/testng/6.14.3/testng-6.14.3.jar:/Users/matheusfritzen/.m2/repository/com/beust/jcommander/1.72/jcommander-1.72.jar:/Users/matheusfritzen/.m2/repository/org/apache-extras/beanshell/bsh/2.0b6/bsh-2.0b6.jar:/Users/matheusfritzen/.m2/repository/org/seleniumhq/selenium/selenium-java/3.141.59/selenium-java-3.141.59.jar:/Users/matheusfritzen/.m2/repository/org/seleniumhq/selenium/selenium-api/3.141.59/selenium-api-3.141.59.jar:/Users/matheusfritzen/.m2/repository/org/seleniumhq/selenium/selenium-chrome-driver/3.141.59/selenium-chrome-driver-3.141.59.jar:/Users/matheusfritzen/.m2/repository/org/seleniumhq/selenium/selenium-edge-driver/3.141.59/selenium-edge-driver-3.141.59.jar:/Users/matheusfritzen/.m2/repository/org/seleniumhq/selenium/selenium-firefox-driver/3.141.59/selenium-firefox-driver-3.141.59.jar:/Users/matheusfritzen/.m2/repository/org/seleniumhq/selenium/selenium-ie-driver/3.141.59/selenium-ie-driver-3.141.59.jar:/Users/matheusfritzen/.m2/repository/org/seleniumhq/selenium/selenium-opera-driver/3.141.59/selenium-opera-driver-3.141.59.jar:/Users/matheusfritzen/.m2/repository/org/seleniumhq/selenium/selenium-remote-driver/3.141.59/selenium-remote-driver-3.141.59.jar:/Users/matheusfritzen/.m2/repository/org/seleniumhq/selenium/selenium-safari-driver/3.141.59/selenium-safari-driver-3.141.59.jar:/Users/matheusfritzen/.m2/repository/org/seleniumhq/selenium/selenium-support/3.141.59/selenium-support-3.141.59.jar:/Users/matheusfritzen/.m2/repository/net/bytebuddy/byte-buddy/1.8.15/byte-buddy-1.8.15.jar:/Users/matheusfritzen/.m2/repository/org/apache/commons/commons-exec/1.3/commons-exec-1.3.jar:/Users/matheusfritzen/.m2/repository/com/google/guava/guava/25.0-jre/guava-25.0-jre.jar:/Users/matheusfritzen/.m2/repository/org/checkerframework/checker-compat-qual/2.0.0/checker-compat-qual-2.0.0.jar:/Users/matheusfritzen/.m2/repository/com/google/errorprone/error_prone_annotations/2.1.3/error_prone_annotations-2.1.3.jar:/Users/matheusfritzen/.m2/repository/com/google/j2objc/j2objc-annotations/1.1/j2objc-annotations-1.1.jar:/Users/matheusfritzen/.m2/repository/org/codehaus/mojo/animal-sniffer-annotations/1.14/animal-sniffer-annotations-1.14.jar:/Users/matheusfritzen/.m2/repository/com/squareup/okhttp3/okhttp/3.11.0/okhttp-3.11.0.jar:/Users/matheusfritzen/.m2/repository/com/squareup/okio/okio/1.14.0/okio-1.14.0.jar:/Users/matheusfritzen/.m2/repository/com/fasterxml/jackson/core/jackson-databind/2.14.1/jackson-databind-2.14.1.jar:/Users/matheusfritzen/.m2/repository/com/fasterxml/jackson/core/jackson-annotations/2.14.1/jackson-annotations-2.14.1.jar:/Users/matheusfritzen/.m2/repository/com/fasterxml/jackson/core/jackson-core/2.14.1/jackson-core-2.14.1.jar:/Users/matheusfritzen/.m2/repository/com/google/code/gson/gson/2.8.9/gson-2.8.9.jar:/Users/matheusfritzen/.m2/repository/io/cucumber/cucumber-java/7.11.0/cucumber-java-7.11.0.jar:/Users/matheusfritzen/.m2/repository/io/cucumber/cucumber-core/7.11.0/cucumber-core-7.11.0.jar:/Users/matheusfritzen/.m2/repository/io/cucumber/cucumber-gherkin/7.11.0/cucumber-gherkin-7.11.0.jar:/Users/matheusfritzen/.m2/repository/io/cucumber/cucumber-gherkin-messages/7.11.0/cucumber-gherkin-messages-7.11.0.jar:/Users/matheusfritzen/.m2/repository/io/cucumber/gherkin/26.0.3/gherkin-26.0.3.jar:/Users/matheusfritzen/.m2/repository/io/cucumber/messages/21.0.1/messages-21.0.1.jar:/Users/matheusfritzen/.m2/repository/io/cucumber/tag-expressions/5.0.1/tag-expressions-5.0.1.jar:/Users/matheusfritzen/.m2/repository/io/cucumber/cucumber-expressions/16.1.1/cucumber-expressions-16.1.1.jar:/Users/matheusfritzen/.m2/repository/io/cucumber/datatable/7.11.0/datatable-7.11.0.jar:/Users/matheusfritzen/.m2/repository/io/cucumber/cucumber-plugin/7.11.0/cucumber-plugin-7.11.0.jar:/Users/matheusfritzen/.m2/repository/io/cucumber/docstring/7.11.0/docstring-7.11.0.jar:/Users/matheusfritzen/.m2/repository/io/cucumber/html-formatter/20.2.1/html-formatter-20.2.1.jar:/Users/matheusfritzen/.m2/repository/io/cucumber/junit-xml-formatter/0.1.0/junit-xml-formatter-0.1.0.jar:/Users/matheusfritzen/.m2/repository/io/cucumber/ci-environment/9.1.0/ci-environment-9.1.0.jar:/Users/matheusfritzen/.m2/repository/org/apiguardian/apiguardian-api/1.1.2/apiguardian-api-1.1.2.jar:/Users/matheusfritzen/.m2/repository/io/cucumber/cucumber-junit/7.11.0/cucumber-junit-7.11.0.jar:"/>
    <property name="sun.cpu.endian" value="little"/>
    <property name="user.home" value="/Users/matheusfritzen"/>
    <property name="user.language" value="en"/>
    <property name="java.specification.vendor" value="Oracle Corporation"/>
    <property name="java.version.date" value="2022-09-20"/>
    <property name="java.home" value="/Library/Java/JavaVirtualMachines/jdk-19.jdk/Contents/Home"/>
    <property name="file.separator" value="/"/>
    <property name="basedir" value="/Users/matheusfritzen/AutomationProjects/TesteApi"/>
    <property name="java.vm.compressedOopsMode" value="Zero based"/>
    <property name="line.separator" value="&#10;"/>
    <property name="java.vm.specification.vendor" value="Oracle Corporation"/>
    <property name="java.specification.name" value="Java Platform API Specification"/>
    <property name="apple.awt.application.name" value="ForkedBooter"/>
    <property name="surefire.real.class.path" value="/Users/matheusfritzen/AutomationProjects/TesteApi/target/surefire/surefirebooter-20230214210303069_3.jar"/>
    <property name="sun.management.compiler" value="HotSpot 64-Bit Tiered Compilers"/>
    <property name="ftp.nonProxyHosts" value="local|*.local|169.254/16|*.169.254/16"/>
    <property name="java.runtime.version" value="19+36-2238"/>
    <property name="user.name" value="matheusfritzen"/>
    <property name="stdout.encoding" value="UTF-8"/>
    <property name="path.separator" value=":"/>
    <property name="os.version" value="13.0.1"/>
    <property name="java.runtime.name" value="Java(TM) SE Runtime Environment"/>
    <property name="file.encoding" value="UTF-8"/>
    <property name="java.vm.name" value="Java HotSpot(TM) 64-Bit Server VM"/>
    <property name="localRepository" value="/Users/matheusfritzen/.m2/repository"/>
    <property name="java.vendor.url.bug" value="https://bugreport.java.com/bugreport/"/>
    <property name="java.io.tmpdir" value="/var/folders/sj/l4ld098n3c55__xz9_q_61p00000gn/T/"/>
    <property name="java.version" value="19"/>
    <property name="user.dir" value="/Users/matheusfritzen/AutomationProjects/TesteApi"/>
    <property name="os.arch" value="aarch64"/>
    <property name="java.vm.specification.name" value="Java Virtual Machine Specification"/>
    <property name="native.encoding" value="UTF-8"/>
    <property name="java.library.path" value="/Users/matheusfritzen/Library/Java/Extensions:/Library/Java/Extensions:/Network/Library/Java/Extensions:/System/Library/Java/Extensions:/usr/lib/java:."/>
    <property name="java.vm.info" value="mixed mode, sharing"/>
    <property name="stderr.encoding" value="UTF-8"/>
    <property name="java.vendor" value="Oracle Corporation"/>
    <property name="java.vm.version" value="19+36-2238"/>
    <property name="sun.io.unicode.encoding" value="UnicodeBig"/>
    <property name="socksNonProxyHosts" value="local|*.local|169.254/16|*.169.254/16"/>
    <property name="java.class.version" value="63.0"/>
  </properties>
  <testcase name="favoritaDesfavorita" classname="TesteApi.TesteApi" time="2.965">
    <system-out><![CDATA[ID => 101304254
RETORNO => {"message":"SUCCESS","id":101304254}
RETORNO => {"message":"SUCCESS"}
]]></system-out>
  </testcase>
  <testcase name="cadastro" classname="TesteApi.TesteApi" time="1.825">
    <system-out><![CDATA[Request method:	POST
Request URI:	https://api.thecatapi.com/v1/user/passwordlesssignup
Proxy:			<none>
Request params:	<none>
Query params:	<none>
Form params:	<none>
Path params:	<none>
Headers:		Accept=*/*
				Content-Type=application/json
Cookies:		<none>
Multiparts:		<none>
Body:
{
    "email": "matusfrditzen@hotmail.com",
    "appDescription": "teste the cat api"
}
HTTP/1.1 200 OK
x-dns-prefetch-control: off
x-frame-options: SAMEORIGIN
strict-transport-security: max-age=15552000; includeSubDomains
x-download-options: noopen
x-content-type-options: nosniff
x-xss-protection: 1; mode=block
vary: Origin
content-type: application/json; charset=utf-8
x-response-time: 1334ms
X-Cloud-Trace-Context: 50580031f3c6b1cbf3a717a570f207b6
Date: Wed, 15 Feb 2023 00:03:08 GMT
Server: Google Frontend
Content-Length: 21

{
    "message": "SUCCESS"
}
RETORNO => {"message":"SUCCESS"}
]]></system-out>
  </testcase>
  <testcase name="deletaVotacao" classname="TesteApi.TesteApi" time="2.231">
    <system-out><![CDATA[ID => 965145
RETORNO => {"message":"SUCCESS","id":965145,"image_id":"acn","sub_id":"demo-3de809","value":"true","country_code":"BR"}
RETORNO => {"message":"SUCCESS"}
]]></system-out>
  </testcase>
</testsuite>